Base path: E:/Application/unity 4.6.1/Editor/Data
Pipe name: \\.\pipe\UnityShaderCompiler-1-14284
Cmd: getPlatforms
Cmd: preprocess
  insize=9195 outsize=2329 ok=1
Cmd: preprocess
  insize=1521 outsize=399 ok=1
Cmd: compileSnippet
  api=4 type=0 insize=1388 outsize=990 kw= ok=1
Cmd: compileSnippet
  api=4 type=1 insize=1388 outsize=2566 kw= ok=1
Cmd: preprocess
  insize=11276 outsize=718 ok=1
Cmd: preprocess
  insize=2720 outsize=484 ok=1
Cmd: compileSnippet
  error: 2 plat 4 at (43): undeclared identifier 'UnityObjectToWorldNormal'
  api=4 type=0 insize=2485 outsize=0 kw= ok=0
Cmd: preprocess
  insize=1536 outsize=399 ok=1
Cmd: compileSnippet
  api=4 type=0 insize=1402 outsize=990 kw= ok=1
Cmd: compileSnippet
  api=4 type=1 insize=1402 outsize=982 kw= ok=1
Cmd: preprocess
  insize=1461 outsize=366 ok=1
Cmd: compileSnippet
  api=4 type=0 insize=1395 outsize=990 kw= ok=1
Cmd: compileSnippet
  api=4 type=1 insize=1395 outsize=1242 kw= ok=1
Cmd: preprocess
  insize=1493 outsize=324 ok=1
Cmd: compileSnippet
  api=4 type=0 insize=1433 outsize=1916 kw= ok=1
Cmd: compileSnippet
  api=4 type=1 insize=1433 outsize=795 kw= ok=1
Cmd: preprocess
  insize=2739 outsize=485 ok=1
Cmd: compileSnippet
  error: 2 plat 4 at (42): undeclared identifier 'UnityObjectToWorldNormal'
  api=4 type=0 insize=2503 outsize=0 kw= ok=0
Cmd: preprocess
  insize=1299 outsize=336 ok=1
Cmd: compileSnippet
  api=4 type=0 insize=1229 outsize=990 kw= ok=1
Cmd: compileSnippet
  api=4 type=1 insize=1229 outsize=527 kw= ok=1
Cmd: preprocess
  error: 2 plat 12 at (58): Can't find include file UnityPBSLighting.cginc
  error: 2 plat 12 at (59): Can't find include file UnityStandardBRDF.cginc
  error: 2 plat 12 at (328): Can't find include file UnityPBSLighting.cginc
  error: 2 plat 12 at (329): Can't find include file UnityStandardBRDF.cginc
  insize=13485 outsize=3435 ok=0
Cmd: preprocess
  insize=1739 outsize=435 ok=1
Cmd: compileSnippet
  api=4 type=0 insize=1567 outsize=990 kw= ok=1
Cmd: compileSnippet
  api=4 type=1 insize=1567 outsize=1632 kw= ok=1
Cmd: preprocess
  insize=1291 outsize=328 ok=1
Cmd: preprocess
  insize=1209 outsize=459 ok=1
Cmd: preprocess
  insize=1397 outsize=358 ok=1
Cmd: compileSnippet
  api=4 type=0 insize=1305 outsize=990 kw= ok=1
Cmd: compileSnippet
  api=4 type=1 insize=1305 outsize=1648 kw= ok=1
Cmd: preprocess
  insize=8652 outsize=774 ok=1
Cmd: preprocess
  insize=1515 outsize=393 ok=1
Cmd: compileSnippet
  api=4 type=0 insize=1387 outsize=990 kw= ok=1
Cmd: compileSnippet
  api=4 type=1 insize=1387 outsize=900 kw= ok=1
Cmd: preprocess
  insize=1667 outsize=407 ok=1
Cmd: compileSnippet
  api=4 type=0 insize=1523 outsize=990 kw= ok=1
Cmd: compileSnippet
  api=4 type=1 insize=1523 outsize=1323 kw= ok=1
Cmd: preprocess
  insize=1685 outsize=352 ok=1
Cmd: preprocess
  insize=2068 outsize=492 ok=1
Cmd: compileSnippet
  api=4 type=0 insize=1833 outsize=990 kw= ok=1
Cmd: compileSnippet
  api=4 type=1 insize=1833 outsize=1648 kw= ok=1
Cmd: preprocess
  insize=2126 outsize=486 ok=1
Cmd: compileSnippet
  api=4 type=0 insize=1894 outsize=990 kw= ok=1
Cmd: compileSnippet
  api=4 type=1 insize=1894 outsize=1623 kw= ok=1
Cmd: preprocess
  error: 1 plat 12 at (25): Unrecognized renderer for #pragma exclude_renderers: metal
  error: 1 plat 12 at (25): Unrecognized renderer for #pragma exclude_renderers: xboxone
  insize=3969 outsize=2388 ok=1
Cmd: compileSnippet
  error: 2 plat 4 at (45): unrecognized identifier 'UNITY_FOG_COORDS'
  api=4 type=0 insize=1917 outsize=0 kw=DIRECTIONAL SHADOWS_OFF LIGHTMAP_OFF DIRLIGHTMAP_OFF ok=0
Cmd: preprocess
  insize=1767 outsize=462 ok=1
Cmd: compileSnippet
  api=4 type=0 insize=1567 outsize=990 kw= ok=1
Cmd: compileSnippet
  api=4 type=1 insize=1567 outsize=1274 kw= ok=1
Cmd: preprocess
  insize=1157 outsize=331 ok=1
Cmd: compileSnippet
  api=4 type=0 insize=1098 outsize=762 kw= ok=1
Cmd: compileSnippet
  api=4 type=1 insize=1098 outsize=551 kw= ok=1
Cmd: preprocess
  error: 2 plat 12 at (56): Can't find include file UnityPBSLighting.cginc
  error: 2 plat 12 at (57): Can't find include file UnityStandardBRDF.cginc
  error: 2 plat 12 at (383): Can't find include file UnityPBSLighting.cginc
  error: 2 plat 12 at (384): Can't find include file UnityStandardBRDF.cginc
  error: 2 plat 12 at (601): Can't find include file UnityPBSLighting.cginc
  error: 2 plat 12 at (602): Can't find include file UnityStandardBRDF.cginc
  error: 2 plat 12 at (603): Can't find include file UnityMetaPass.cginc
  insize=18798 outsize=3081 ok=0
Cmd: preprocess
  insize=1622 outsize=433 ok=1
Cmd: compileSnippet
  api=4 type=0 insize=1491 outsize=990 kw= ok=1
Cmd: compileSnippet
  api=4 type=1 insize=1491 outsize=1388 kw= ok=1
Cmd: preprocess
  insize=919 outsize=353 ok=1
Cmd: preprocess
  insize=1540 outsize=398 ok=1
Cmd: compileSnippet
  api=4 type=0 insize=1408 outsize=990 kw= ok=1
Cmd: compileSnippet
  api=4 type=1 insize=1408 outsize=2688 kw= ok=1
Cmd: preprocess
  insize=1604 outsize=411 ok=1
Cmd: compileSnippet
  api=4 type=0 insize=1459 outsize=990 kw= ok=1
Cmd: compileSnippet
  api=4 type=1 insize=1459 outsize=1518 kw= ok=1
Cmd: preprocess
  insize=2059 outsize=482 ok=1
Cmd: compileSnippet
  api=4 type=0 insize=1832 outsize=990 kw= ok=1
Cmd: compileSnippet
  api=4 type=1 insize=1832 outsize=1372 kw= ok=1
Cmd: preprocess
  insize=1464 outsize=328 ok=1
Cmd: compileSnippet
  api=4 type=0 insize=1401 outsize=1372 kw= ok=1
Cmd: compileSnippet
  api=4 type=1 insize=1401 outsize=933 kw= ok=1
Cmd: preprocess
  insize=1006 outsize=316 ok=1
Cmd: preprocess
  insize=1393 outsize=353 ok=1
Cmd: compileSnippet
  api=4 type=0 insize=1304 outsize=990 kw= ok=1
Cmd: compileSnippet
  api=4 type=1 insize=1304 outsize=835 kw= ok=1
Cmd: preprocess
  insize=1397 outsize=358 ok=1
Cmd: compileSnippet
  api=4 type=0 insize=1305 outsize=990 kw= ok=1
Cmd: compileSnippet
  api=4 type=1 insize=1305 outsize=2127 kw= ok=1
Cmd: preprocess
  insize=2104 outsize=484 ok=1
Cmd: compileSnippet
  api=4 type=0 insize=1876 outsize=990 kw= ok=1
Cmd: compileSnippet
  api=4 type=1 insize=1876 outsize=1437 kw= ok=1
Cmd: preprocess
  insize=1393 outsize=354 ok=1
Cmd: compileSnippet
  api=4 type=0 insize=1304 outsize=990 kw= ok=1
Cmd: compileSnippet
  api=4 type=1 insize=1304 outsize=754 kw= ok=1
Cmd: preprocess
  insize=1522 outsize=394 ok=1
Cmd: compileSnippet
  api=4 type=0 insize=1394 outsize=990 kw= ok=1
Cmd: compileSnippet
  api=4 type=1 insize=1394 outsize=957 kw= ok=1
Cmd: preprocess
  insize=1520 outsize=394 ok=1
Cmd: compileSnippet
  api=4 type=0 insize=1392 outsize=990 kw= ok=1
Cmd: compileSnippet
  api=4 type=1 insize=1392 outsize=908 kw= ok=1
Cmd: preprocess
  insize=1878 outsize=497 ok=1
Cmd: compileSnippet
  api=4 type=0 insize=1641 outsize=990 kw= ok=1
Cmd: compileSnippet
  api=4 type=1 insize=1641 outsize=1461 kw= ok=1
Cmd: preprocess
  insize=1395 outsize=356 ok=1
Cmd: compileSnippet
  api=4 type=0 insize=1305 outsize=990 kw= ok=1
Cmd: compileSnippet
  api=4 type=1 insize=1305 outsize=982 kw= ok=1
Cmd: preprocess
  insize=1989 outsize=486 ok=1
Cmd: preprocess
  insize=2202 outsize=406 ok=1
Cmd: compileSnippet
  api=4 type=0 insize=2046 outsize=1721 kw= ok=1
Cmd: compileSnippet
  api=4 type=1 insize=2046 outsize=1355 kw= ok=1
Cmd: preprocess
  insize=1602 outsize=408 ok=1
Cmd: compileSnippet
  api=4 type=0 insize=1460 outsize=990 kw= ok=1
Cmd: compileSnippet
  api=4 type=1 insize=1460 outsize=1518 kw= ok=1
Cmd: preprocess
  insize=1291 outsize=412 ok=1
Cmd: preprocess
  error: 1 plat 12 at (26): Unrecognized renderer for #pragma exclude_renderers: metal
  error: 1 plat 12 at (26): Unrecognized renderer for #pragma exclude_renderers: xboxone
  error: 2 plat 12 at (59): Can't find include file UnityPBSLighting.cginc
  error: 2 plat 12 at (60): Can't find include file UnityStandardBRDF.cginc
  error: 1 plat 12 at (90): Unrecognized renderer for #pragma exclude_renderers: metal
  error: 1 plat 12 at (90): Unrecognized renderer for #pragma exclude_renderers: xboxone
  error: 2 plat 12 at (178): Can't find include file UnityPBSLighting.cginc
  error: 2 plat 12 at (179): Can't find include file UnityStandardBRDF.cginc
  error: 2 plat 12 at (180): Can't find include file UnityMetaPass.cginc
  insize=6456 outsize=2753 ok=0
Cmd: preprocess
  insize=1390 outsize=356 ok=1
Cmd: compileSnippet
  api=4 type=0 insize=1299 outsize=990 kw= ok=1
Cmd: compileSnippet
  api=4 type=1 insize=1299 outsize=713 kw= ok=1
Cmd: preprocess
  insize=3562 outsize=712 ok=1
Cmd: preprocess
  insize=1397 outsize=358 ok=1
Cmd: compileSnippet
  api=4 type=0 insize=1305 outsize=990 kw= ok=1
Cmd: compileSnippet
  api=4 type=1 insize=1305 outsize=1558 kw= ok=1
Cmd: preprocess
  insize=2516 outsize=642 ok=1
Cmd: compileSnippet
  api=4 type=0 insize=2176 outsize=990 kw= ok=1
Cmd: compileSnippet
  api=4 type=1 insize=2176 outsize=2940 kw= ok=1
Cmd: preprocess
  insize=1402 outsize=361 ok=1
Cmd: compileSnippet
  api=4 type=0 insize=1307 outsize=990 kw= ok=1
Cmd: compileSnippet
  api=4 type=1 insize=1307 outsize=835 kw= ok=1
Cmd: preprocess
  insize=1579 outsize=449 ok=1
Cmd: compileSnippet
  api=4 type=0 insize=1395 outsize=990 kw= ok=1
Cmd: compileSnippet
  api=4 type=1 insize=1395 outsize=803 kw= ok=1
Cmd: preprocess
  insize=1635 outsize=426 ok=1
Cmd: compileSnippet
  api=4 type=0 insize=1473 outsize=990 kw= ok=1
Cmd: compileSnippet
  api=4 type=1 insize=1473 outsize=1112 kw= ok=1
Cmd: preprocess
  insize=1604 outsize=410 ok=1
Cmd: compileSnippet
  api=4 type=0 insize=1460 outsize=990 kw= ok=1
Cmd: compileSnippet
  api=4 type=1 insize=1460 outsize=1518 kw= ok=1
Cmd: preprocess
  insize=1540 outsize=407 ok=1
Cmd: compileSnippet
  api=4 type=0 insize=1399 outsize=990 kw= ok=1
Cmd: compileSnippet
  api=4 type=1 insize=1399 outsize=900 kw= ok=1
Cmd: preprocess
  insize=756 outsize=251 ok=1
Cmd: preprocess
  insize=1566 outsize=441 ok=1
Cmd: compileSnippet
  api=4 type=0 insize=1391 outsize=990 kw= ok=1
Cmd: compileSnippet
  api=4 type=1 insize=1391 outsize=876 kw= ok=1
Cmd: preprocess
  error: 1 plat 12 at (30): Unrecognized renderer for #pragma exclude_renderers: metal
  error: 1 plat 12 at (30): Unrecognized renderer for #pragma exclude_renderers: xboxone
  insize=4541 outsize=2816 ok=1
Cmd: compileSnippet
  error: 1 plat 12 at (30): Unrecognized renderer for #pragma exclude_renderers: metal
  error: 1 plat 12 at (30): Unrecognized renderer for #pragma exclude_renderers: xboxone
  api=4 type=0 insize=2061 outsize=1193 kw=DIRECTIONAL SHADOWS_OFF LIGHTMAP_OFF DIRLIGHTMAP_OFF _ ok=1
Cmd: compileSnippet
  error: 1 plat 12 at (30): Unrecognized renderer for #pragma exclude_renderers: metal
  error: 1 plat 12 at (30): Unrecognized renderer for #pragma exclude_renderers: xboxone
  api=4 type=1 insize=2061 outsize=1120 kw=DIRECTIONAL SHADOWS_OFF LIGHTMAP_OFF DIRLIGHTMAP_OFF _ ok=1
Cmd: preprocess
  insize=1665 outsize=435 ok=1
Cmd: compileSnippet
  api=4 type=0 insize=1494 outsize=990 kw= ok=1
Cmd: compileSnippet
  api=4 type=1 insize=1494 outsize=1087 kw= ok=1
Cmd: preprocess
  insize=2117 outsize=406 ok=1
Cmd: compileSnippet
  error: 2 plat 4 at (36): undeclared identifier 'UnityObjectToWorldNormal'
  api=4 type=0 insize=1967 outsize=0 kw= ok=0
Cmd: preprocess
  insize=780 outsize=288 ok=1
Cmd: compileSnippet
  api=4 type=0 insize=791 outsize=990 kw= ok=1
Cmd: compileSnippet
  api=4 type=1 insize=791 outsize=908 kw= ok=1
Cmd: preprocess
  insize=1397 outsize=356 ok=1
Cmd: compileSnippet
  api=4 type=0 insize=1306 outsize=990 kw= ok=1
Cmd: compileSnippet
  api=4 type=1 insize=1306 outsize=754 kw= ok=1
Cmd: preprocess
  insize=12274 outsize=4156 ok=1
Cmd: compileSnippet
  error: 2 plat 4 at (43): unrecognized identifier 'UNITY_FOG_COORDS'
  api=4 type=0 insize=4439 outsize=0 kw=DIRECTIONAL SHADOWS_OFF LIGHTMAP_OFF DIRLIGHTMAP_OFF ok=0
Cmd: preprocess
  error: 1 plat 12 at (26): Unrecognized renderer for #pragma exclude_renderers: metal
  error: 1 plat 12 at (26): Unrecognized renderer for #pragma exclude_renderers: xboxone
  insize=4200 outsize=2597 ok=1
Cmd: compileSnippet
  error: 2 plat 4 at (46): unrecognized identifier 'UNITY_FOG_COORDS'
  api=4 type=0 insize=1938 outsize=0 kw=DIRECTIONAL SHADOWS_OFF LIGHTMAP_OFF DIRLIGHTMAP_OFF ok=0
Cmd: preprocess
  insize=1419 outsize=368 ok=1
Cmd: compileSnippet
  api=4 type=0 insize=1317 outsize=990 kw= ok=1
Cmd: compileSnippet
  api=4 type=1 insize=1317 outsize=527 kw= ok=1
Cmd: preprocess
  insize=1143 outsize=327 ok=1
Cmd: compileSnippet
  error: 2 plat 4 at (34): undeclared identifier 'unity_FogColor'
  api=4 type=0 insize=1088 outsize=0 kw= ok=0
Cmd: preprocess
  insize=1894 outsize=496 ok=1
Cmd: compileSnippet
  api=4 type=0 insize=1657 outsize=990 kw= ok=1
Cmd: compileSnippet
  api=4 type=1 insize=1657 outsize=1461 kw= ok=1
Cmd: preprocess
  insize=1203 outsize=321 ok=1
Cmd: compileSnippet
  api=4 type=0 insize=1153 outsize=762 kw= ok=1
Cmd: compileSnippet
  api=4 type=1 insize=1153 outsize=592 kw= ok=1
Cmd: preprocess
  insize=1183 outsize=296 ok=1
Cmd: preprocess
  insize=1883 outsize=502 ok=1
Cmd: compileSnippet
  api=4 type=0 insize=1641 outsize=990 kw= ok=1
Cmd: compileSnippet
  api=4 type=1 insize=1641 outsize=1461 kw= ok=1
Cmd: preprocess
  insize=1399 outsize=358 ok=1
Cmd: compileSnippet
  api=4 type=0 insize=1307 outsize=990 kw= ok=1
Cmd: compileSnippet
  api=4 type=1 insize=1307 outsize=811 kw= ok=1
Cmd: preprocess
  insize=1681 outsize=339 ok=1
Cmd: compileSnippet
  error: 2 plat 4 at (30): undeclared identifier 'UnityObjectToWorldNormal'
  api=4 type=0 insize=1609 outsize=0 kw= ok=0
Cmd: preprocess
  insize=1235 outsize=409 ok=1
Cmd: preprocess
  insize=6551 outsize=797 ok=1
Cmd: preprocess
  insize=1760 outsize=467 ok=1
Cmd: compileSnippet
  api=4 type=0 insize=1555 outsize=990 kw= ok=1
Cmd: compileSnippet
  api=4 type=1 insize=1555 outsize=1274 kw= ok=1
Cmd: preprocess
  insize=1173 outsize=314 ok=1
Cmd: preprocess
  insize=1513 outsize=392 ok=1
Cmd: compileSnippet
  api=4 type=0 insize=1387 outsize=990 kw= ok=1
Cmd: compileSnippet
  api=4 type=1 insize=1387 outsize=900 kw= ok=1
Cmd: preprocess
  insize=1632 outsize=427 ok=1
Cmd: compileSnippet
  api=4 type=0 insize=1469 outsize=990 kw= ok=1
Cmd: compileSnippet
  api=4 type=1 insize=1469 outsize=1087 kw= ok=1
Cmd: preprocess
  error: 2 plat 12 at (137): Can't find include file UnityMetaPass.cginc
  insize=5105 outsize=2486 ok=0
Cmd: preprocess
  error: 1 plat 12 at (25): Unrecognized renderer for #pragma exclude_renderers: metal
  error: 1 plat 12 at (25): Unrecognized renderer for #pragma exclude_renderers: xboxone
  error: 2 plat 12 at (60): Can't find include file UnityPBSLighting.cginc
  error: 2 plat 12 at (61): Can't find include file UnityStandardBRDF.cginc
  error: 1 plat 12 at (201): Unrecognized renderer for #pragma exclude_renderers: metal
  error: 1 plat 12 at (201): Unrecognized renderer for #pragma exclude_renderers: xboxone
  error: 1 plat 12 at (323): Unrecognized renderer for #pragma exclude_renderers: metal
  error: 1 plat 12 at (323): Unrecognized renderer for #pragma exclude_renderers: xboxone
  error: 2 plat 12 at (403): Can't find include file UnityPBSLighting.cginc
  error: 2 plat 12 at (404): Can't find include file UnityStandardBRDF.cginc
  error: 2 plat 12 at (637): Can't find include file UnityPBSLighting.cginc
  error: 2 plat 12 at (638): Can't find include file UnityStandardBRDF.cginc
  error: 2 plat 12 at (639): Can't find include file UnityMetaPass.cginc
  insize=20591 outsize=3562 ok=0
Cmd: preprocess
  insize=1235 outsize=329 ok=1
Cmd: compileSnippet
  api=4 type=0 insize=1176 outsize=762 kw= ok=1
Cmd: compileSnippet
  api=4 type=1 insize=1176 outsize=518 kw= ok=1
Cmd: preprocess
  insize=1542 outsize=409 ok=1
Cmd: compileSnippet
  api=4 type=0 insize=1399 outsize=990 kw= ok=1
Cmd: compileSnippet
  api=4 type=1 insize=1399 outsize=908 kw= ok=1
Cmd: preprocess
  insize=1388 outsize=354 ok=1
Cmd: preprocess
  insize=2636 outsize=774 ok=1
Cmd: preprocess
  insize=1640 outsize=427 ok=1
Cmd: compileSnippet
  api=4 type=0 insize=1477 outsize=990 kw= ok=1
Cmd: compileSnippet
  api=4 type=1 insize=1477 outsize=1087 kw= ok=1
Cmd: preprocess
  insize=1593 outsize=409 ok=1
Cmd: compileSnippet
  api=4 type=0 insize=1450 outsize=990 kw= ok=1
Cmd: compileSnippet
  api=4 type=1 insize=1450 outsize=1307 kw= ok=1
Cmd: preprocess
  insize=968 outsize=305 ok=1
Cmd: preprocess
  insize=1637 outsize=432 ok=1
Cmd: compileSnippet
  api=4 type=0 insize=1469 outsize=990 kw= ok=1
Cmd: compileSnippet
  api=4 type=1 insize=1469 outsize=1087 kw= ok=1
Cmd: preprocess
  insize=1377 outsize=384 ok=1
Cmd: preprocess
  insize=1420 outsize=347 ok=1
Cmd: preprocess
  insize=1709 outsize=728 ok=1
Cmd: preprocess
  insize=1654 outsize=329 ok=1
Cmd: compileSnippet
  api=4 type=0 insize=1587 outsize=1372 kw= ok=1
Cmd: compileSnippet
  api=4 type=1 insize=1587 outsize=1315 kw= ok=1
Cmd: preprocess
  insize=1547 outsize=410 ok=1
Cmd: compileSnippet
  api=4 type=0 insize=1402 outsize=990 kw= ok=1
Cmd: compileSnippet
  api=4 type=1 insize=1402 outsize=917 kw= ok=1
Cmd: preprocess
  insize=1157 outsize=296 ok=1
Cmd: compileSnippet
  api=4 type=0 insize=1161 outsize=990 kw= ok=1
Cmd: compileSnippet
  api=4 type=1 insize=1161 outsize=738 kw= ok=1
Cmd: preprocess
  insize=1403 outsize=346 ok=1
Cmd: preprocess
  insize=1393 outsize=355 ok=1
Cmd: compileSnippet
  api=4 type=0 insize=1304 outsize=990 kw= ok=1
Cmd: compileSnippet
  api=4 type=1 insize=1304 outsize=762 kw= ok=1
Cmd: preprocess
  insize=1250 outsize=323 ok=1
Cmd: compileSnippet
  api=4 type=0 insize=1196 outsize=990 kw= ok=1
Cmd: compileSnippet
  api=4 type=1 insize=1196 outsize=527 kw= ok=1
Cmd: preprocess
  error: 1 plat 12 at (21): Unrecognized renderer for #pragma exclude_renderers: metal
  error: 1 plat 12 at (21): Unrecognized renderer for #pragma exclude_renderers: xboxone
  error: 1 plat 12 at (94): Unrecognized renderer for #pragma exclude_renderers: metal
  error: 1 plat 12 at (94): Unrecognized renderer for #pragma exclude_renderers: xboxone
  insize=6611 outsize=2021 ok=1
Cmd: compileSnippet
  error: 2 plat 4 at (42): unrecognized identifier 'UNITY_FOG_COORDS'
  api=4 type=0 insize=2674 outsize=0 kw=DIRECTIONAL SHADOWS_OFF LIGHTMAP_OFF DIRLIGHTMAP_OFF ok=0
Cmd: preprocess
  insize=1464 outsize=354 ok=1
Cmd: compileSnippet
  api=4 type=0 insize=1375 outsize=990 kw= ok=1
Cmd: compileSnippet
  api=4 type=1 insize=1375 outsize=1136 kw= ok=1
Cmd: preprocess
  error: 2 plat 12 at (63): Can't find include file UnityPBSLighting.cginc
  error: 2 plat 12 at (64): Can't find include file UnityStandardBRDF.cginc
  error: 2 plat 12 at (568): Can't find include file UnityPBSLighting.cginc
  error: 2 plat 12 at (569): Can't find include file UnityStandardBRDF.cginc
  error: 2 plat 12 at (968): Can't find include file UnityPBSLighting.cginc
  error: 2 plat 12 at (969): Can't find include file UnityStandardBRDF.cginc
  error: 2 plat 12 at (1265): Can't find include file UnityPBSLighting.cginc
  error: 2 plat 12 at (1266): Can't find include file UnityStandardBRDF.cginc
  error: 2 plat 12 at (1267): Can't find include file UnityMetaPass.cginc
  insize=44139 outsize=6928 ok=0
Cmd: preprocess
  insize=1593 outsize=436 ok=1
Cmd: compileSnippet
  api=4 type=0 insize=1422 outsize=990 kw= ok=1
Cmd: compileSnippet
  api=4 type=1 insize=1422 outsize=990 kw= ok=1
Cmd: preprocess
  insize=1393 outsize=354 ok=1
Cmd: compileSnippet
  api=4 type=0 insize=1304 outsize=990 kw= ok=1
Cmd: compileSnippet
  api=4 type=1 insize=1304 outsize=722 kw= ok=1
Cmd: preprocess
  insize=1292 outsize=329 ok=1
Cmd: preprocess
  insize=1598 outsize=411 ok=1
Cmd: compileSnippet
  api=4 type=0 insize=1452 outsize=990 kw= ok=1
Cmd: compileSnippet
  api=4 type=1 insize=1452 outsize=1355 kw= ok=1
Cmd: preprocess
  insize=1513 outsize=391 ok=1
Cmd: compileSnippet
  api=4 type=0 insize=1388 outsize=990 kw= ok=1
Cmd: compileSnippet
  api=4 type=1 insize=1388 outsize=982 kw= ok=1
Cmd: preprocess
  insize=4409 outsize=453 ok=1
Cmd: compileSnippet
  error: 2 plat 4 at (40): undeclared identifier 'UnityObjectToWorldNormal'
  api=4 type=0 insize=4166 outsize=0 kw= ok=0
Cmd: preprocess
  insize=1268 outsize=329 ok=1
Cmd: preprocess
  insize=2306 outsize=644 ok=1
Cmd: preprocess
  insize=916 outsize=913 ok=1
Cmd: preprocess
  insize=965 outsize=271 ok=1
Cmd: preprocess
  insize=1396 outsize=358 ok=1
Cmd: compileSnippet
  api=4 type=0 insize=1304 outsize=990 kw= ok=1
Cmd: compileSnippet
  api=4 type=1 insize=1304 outsize=762 kw= ok=1
Cmd: preprocess
  insize=1542 outsize=409 ok=1
Cmd: compileSnippet
  api=4 type=0 insize=1399 outsize=990 kw= ok=1
Cmd: compileSnippet
  api=4 type=1 insize=1399 outsize=900 kw= ok=1
Cmd: preprocess
  error: 2 plat 12 at (62): Can't find include file UnityPBSLighting.cginc
  error: 2 plat 12 at (63): Can't find include file UnityStandardBRDF.cginc
  error: 2 plat 12 at (373): Can't find include file UnityPBSLighting.cginc
  error: 2 plat 12 at (374): Can't find include file UnityStandardBRDF.cginc
  insize=18047 outsize=4007 ok=0
Cmd: preprocess
  insize=1405 outsize=361 ok=1
Cmd: compileSnippet
  api=4 type=0 insize=1310 outsize=990 kw= ok=1
Cmd: compileSnippet
  api=4 type=1 insize=1310 outsize=868 kw= ok=1
Cmd: preprocess
  insize=790 outsize=320 ok=1
Cmd: preprocess
  insize=1550 outsize=411 ok=1
Cmd: compileSnippet
  api=4 type=0 insize=1405 outsize=990 kw= ok=1
Cmd: compileSnippet
  api=4 type=1 insize=1405 outsize=990 kw= ok=1
Cmd: preprocess
  insize=1510 outsize=414 ok=1
Cmd: compileSnippet
  api=4 type=0 insize=1397 outsize=990 kw= ok=1
Cmd: compileSnippet
  api=4 type=1 insize=1397 outsize=1242 kw= ok=1
Cmd: preprocess
  insize=1513 outsize=392 ok=1
Cmd: compileSnippet
  api=4 type=0 insize=1387 outsize=990 kw= ok=1
Cmd: compileSnippet
  api=4 type=1 insize=1387 outsize=900 kw= ok=1
Cmd: preprocess
  insize=1406 outsize=361 ok=1
Cmd: compileSnippet
  api=4 type=0 insize=1311 outsize=990 kw= ok=1
Cmd: compileSnippet
  api=4 type=1 insize=1311 outsize=527 kw= ok=1
Cmd: preprocess
  insize=1565 outsize=409 ok=1
Cmd: compileSnippet
  api=4 type=0 insize=1421 outsize=990 kw= ok=1
Cmd: compileSnippet
  api=4 type=1 insize=1421 outsize=1168 kw= ok=1
Cmd: preprocess
  insize=2725 outsize=488 ok=1
Cmd: compileSnippet
  error: 2 plat 4 at (43): undeclared identifier 'UnityObjectToWorldNormal'
  api=4 type=0 insize=2486 outsize=0 kw= ok=0
Cmd: preprocess
  insize=1399 outsize=360 ok=1
Cmd: compileSnippet
  api=4 type=0 insize=1305 outsize=990 kw= ok=1
Cmd: compileSnippet
  api=4 type=1 insize=1305 outsize=803 kw= ok=1
Cmd: preprocess
  insize=1998 outsize=537 ok=1
Cmd: compileSnippet
  api=4 type=0 insize=1721 outsize=990 kw= ok=1
Cmd: compileSnippet
  api=4 type=1 insize=1721 outsize=1599 kw= ok=1
Cmd: preprocess
  error: 2 plat 12 at (61): Can't find include file UnityPBSLighting.cginc
  error: 2 plat 12 at (62): Can't find include file UnityStandardBRDF.cginc
  error: 2 plat 12 at (390): Can't find include file UnityPBSLighting.cginc
  error: 2 plat 12 at (391): Can't find include file UnityStandardBRDF.cginc
  error: 2 plat 12 at (626): Can't find include file UnityPBSLighting.cginc
  error: 2 plat 12 at (627): Can't find include file UnityStandardBRDF.cginc
  error: 2 plat 12 at (765): Can't find include file UnityPBSLighting.cginc
  error: 2 plat 12 at (766): Can't find include file UnityStandardBRDF.cginc
  error: 2 plat 12 at (767): Can't find include file UnityMetaPass.cginc
  insize=25844 outsize=6105 ok=0
Cmd: preprocess
  insize=1533 outsize=392 ok=1
Cmd: compileSnippet
  api=4 type=0 insize=1407 outsize=990 kw= ok=1
Cmd: compileSnippet
  api=4 type=1 insize=1407 outsize=1022 kw= ok=1
Cmd: preprocess
  insize=32636 outsize=273 ok=1
Cmd: preprocess
  insize=1216 outsize=260 ok=1
Cmd: preprocess
  insize=3601 outsize=705 ok=1
Cmd: preprocess
  insize=1395 outsize=356 ok=1
Cmd: compileSnippet
  api=4 type=0 insize=1305 outsize=990 kw= ok=1
Cmd: compileSnippet
  api=4 type=1 insize=1305 outsize=754 kw= ok=1
Cmd: preprocess
  insize=1062 outsize=301 ok=1
Cmd: compileSnippet
  api=4 type=0 insize=1061 outsize=990 kw= ok=1
Cmd: compileSnippet
  api=4 type=1 insize=1061 outsize=527 kw= ok=1
Cmd: preprocess
  insize=2743 outsize=488 ok=1
Cmd: compileSnippet
  error: 2 plat 4 at (43): undeclared identifier 'UnityObjectToWorldNormal'
  api=4 type=0 insize=2504 outsize=0 kw= ok=0
Cmd: preprocess
  insize=1000 outsize=249 ok=1
Cmd: preprocess
  insize=1173 outsize=329 ok=1
Cmd: compileSnippet
  api=4 type=0 insize=1116 outsize=973 kw= ok=1
Cmd: compileSnippet
  api=4 type=1 insize=1116 outsize=559 kw= ok=1
Cmd: preprocess
  insize=5357 outsize=1803 ok=1
Cmd: preprocess
  insize=1557 outsize=403 ok=1
Cmd: compileSnippet
  api=4 type=0 insize=1420 outsize=990 kw= ok=1
Cmd: compileSnippet
  api=4 type=1 insize=1420 outsize=1079 kw= ok=1
Cmd: preprocess
  insize=1521 outsize=395 ok=1
Cmd: compileSnippet
  api=4 type=0 insize=1392 outsize=990 kw= ok=1
Cmd: compileSnippet
  api=4 type=1 insize=1392 outsize=1006 kw= ok=1
Cmd: preprocess
  insize=1508 outsize=393 ok=1
Cmd: compileSnippet
  api=4 type=0 insize=1381 outsize=990 kw= ok=1
Cmd: compileSnippet
  api=4 type=1 insize=1381 outsize=900 kw= ok=1
Cmd: preprocess
  error: 1 plat 12 at (24): Unrecognized renderer for #pragma exclude_renderers: metal
  error: 1 plat 12 at (24): Unrecognized renderer for #pragma exclude_renderers: xboxone
  error: 1 plat 12 at (100): Unrecognized renderer for #pragma exclude_renderers: metal
  error: 1 plat 12 at (100): Unrecognized renderer for #pragma exclude_renderers: xboxone
  insize=10066 outsize=4667 ok=1
Cmd: compileSnippet
  error: 2 plat 4 at (49): unrecognized identifier 'UNITY_FOG_COORDS'
  api=4 type=0 insize=3051 outsize=0 kw=DIRECTIONAL SHADOWS_OFF LIGHTMAP_OFF DIRLIGHTMAP_OFF ok=0
Cmd: preprocess
  insize=1402 outsize=359 ok=1
Cmd: compileSnippet
  api=4 type=0 insize=1309 outsize=990 kw= ok=1
Cmd: compileSnippet
  api=4 type=1 insize=1309 outsize=754 kw= ok=1
Cmd: preprocess
  insize=1522 outsize=394 ok=1
Cmd: compileSnippet
  api=4 type=0 insize=1394 outsize=990 kw= ok=1
Cmd: compileSnippet
  api=4 type=1 insize=1394 outsize=957 kw= ok=1
Cmd: preprocess
  insize=1473 outsize=330 ok=1
Cmd: compileSnippet
  api=4 type=0 insize=1407 outsize=1372 kw= ok=1
Cmd: compileSnippet
  api=4 type=1 insize=1407 outsize=860 kw= ok=1
Cmd: preprocess
  insize=1566 outsize=413 ok=1
Cmd: compileSnippet
  api=4 type=0 insize=1419 outsize=990 kw= ok=1
Cmd: compileSnippet
  api=4 type=1 insize=1419 outsize=795 kw= ok=1
Cmd: preprocess
  insize=1393 outsize=355 ok=1
Cmd: compileSnippet
  api=4 type=0 insize=1304 outsize=990 kw= ok=1
Cmd: compileSnippet
  api=4 type=1 insize=1304 outsize=827 kw= ok=1
Cmd: preprocess
  insize=2072 outsize=488 ok=1
Cmd: compileSnippet
  api=4 type=0 insize=1841 outsize=990 kw= ok=1
Cmd: compileSnippet
  api=4 type=1 insize=1841 outsize=1558 kw= ok=1
Cmd: preprocess
  insize=2238 outsize=410 ok=1
Cmd: compileSnippet
  api=4 type=0 insize=2080 outsize=1721 kw= ok=1
Cmd: compileSnippet
  api=4 type=1 insize=2080 outsize=1355 kw= ok=1
Cmd: preprocess
  error: 2 plat 12 at (56): Can't find include file UnityPBSLighting.cginc
  error: 2 plat 12 at (57): Can't find include file UnityStandardBRDF.cginc
  error: 2 plat 12 at (397): Can't find include file UnityPBSLighting.cginc
  error: 2 plat 12 at (398): Can't find include file UnityStandardBRDF.cginc
  error: 2 plat 12 at (631): Can't find include file UnityPBSLighting.cginc
  error: 2 plat 12 at (632): Can't find include file UnityStandardBRDF.cginc
  error: 2 plat 12 at (633): Can't find include file UnityMetaPass.cginc
  insize=21654 outsize=3658 ok=0
Cmd: preprocess
  insize=1033 outsize=339 ok=1
Cmd: compileSnippet
  api=4 type=0 insize=971 outsize=762 kw= ok=1
Cmd: compileSnippet
  api=4 type=1 insize=971 outsize=510 kw= ok=1
Cmd: preprocess
  insize=11420 outsize=1922 ok=1
Cmd: preprocess
  insize=1755 outsize=462 ok=1
Cmd: compileSnippet
  api=4 type=0 insize=1555 outsize=990 kw= ok=1
Cmd: compileSnippet
  api=4 type=1 insize=1555 outsize=1274 kw= ok=1
Cmd: preprocess
  insize=1038 outsize=358 ok=1
Cmd: preprocess
  insize=1544 outsize=399 ok=1
Cmd: compileSnippet
  api=4 type=0 insize=1411 outsize=990 kw= ok=1
Cmd: compileSnippet
  api=4 type=1 insize=1411 outsize=2696 kw= ok=1
Cmd: preprocess
  insize=1393 outsize=355 ok=1
Cmd: compileSnippet
  api=4 type=0 insize=1304 outsize=990 kw= ok=1
Cmd: compileSnippet
  api=4 type=1 insize=1304 outsize=762 kw= ok=1
Cmd: preprocess
  insize=1708 outsize=506 ok=1
Cmd: compileSnippet
  api=4 type=0 insize=1465 outsize=990 kw= ok=1
Cmd: compileSnippet
  api=4 type=1 insize=1465 outsize=1144 kw= ok=1
Cmd: preprocess
  insize=1683 outsize=506 ok=1
Cmd: compileSnippet
  api=4 type=0 insize=1440 outsize=990 kw= ok=1
Cmd: compileSnippet
  api=4 type=1 insize=1440 outsize=973 kw= ok=1
Cmd: preprocess
  insize=6289 outsize=753 ok=1
Cmd: preprocess
  insize=2130 outsize=484 ok=1
Cmd: compileSnippet
  api=4 type=0 insize=1902 outsize=990 kw= ok=1
Cmd: compileSnippet
  api=4 type=1 insize=1902 outsize=1534 kw= ok=1
Cmd: preprocess
  insize=2832 outsize=783 ok=1
Cmd: preprocess
  insize=1556 outsize=407 ok=1
Cmd: compileSnippet
  api=4 type=0 insize=1415 outsize=990 kw= ok=1
Cmd: compileSnippet
  api=4 type=1 insize=1415 outsize=1128 kw= ok=1
Cmd: preprocess
  insize=1555 outsize=407 ok=1
Cmd: compileSnippet
  api=4 type=0 insize=1413 outsize=990 kw= ok=1
Cmd: compileSnippet
  api=4 type=1 insize=1413 outsize=1022 kw= ok=1
Cmd: preprocess
  insize=1252 outsize=331 ok=1
Cmd: compileSnippet
  api=4 type=0 insize=1191 outsize=990 kw= ok=1
Cmd: compileSnippet
  api=4 type=1 insize=1191 outsize=583 kw= ok=1
Cmd: preprocess
  insize=8191 outsize=1109 ok=1
Cmd: preprocess
  insize=1348 outsize=379 ok=1
Cmd: compileSnippet
  api=4 type=0 insize=1239 outsize=762 kw= ok=1
Cmd: compileSnippet
  api=4 type=1 insize=1239 outsize=681 kw= ok=1
Cmd: preprocess
  insize=1645 outsize=435 ok=1
Cmd: compileSnippet
  api=4 type=0 insize=1474 outsize=990 kw= ok=1
Cmd: compileSnippet
  api=4 type=1 insize=1474 outsize=1160 kw= ok=1
Cmd: preprocess
  insize=1149 outsize=331 ok=1
Cmd: compileSnippet
  api=4 type=0 insize=1090 outsize=762 kw= ok=1
Cmd: compileSnippet
  api=4 type=1 insize=1090 outsize=551 kw= ok=1
Cmd: preprocess
  insize=2125 outsize=488 ok=1
Cmd: compileSnippet
  api=4 type=0 insize=1893 outsize=990 kw= ok=1
Cmd: compileSnippet
  api=4 type=1 insize=1893 outsize=1347 kw= ok=1
Cmd: preprocess
  insize=977 outsize=438 ok=1
Cmd: preprocess
  insize=1618 outsize=435 ok=1
Cmd: compileSnippet
  api=4 type=0 insize=1485 outsize=990 kw= ok=1
Cmd: compileSnippet
  api=4 type=1 insize=1485 outsize=1372 kw= ok=1
Cmd: preprocess
  insize=13814 outsize=2635 ok=1
Cmd: preprocess
  insize=1537 outsize=399 ok=1
Cmd: compileSnippet
  api=4 type=0 insize=1404 outsize=990 kw= ok=1
Cmd: compileSnippet
  api=4 type=1 insize=1404 outsize=2647 kw= ok=1
Cmd: preprocess
  insize=1519 outsize=394 ok=1
Cmd: compileSnippet
  api=4 type=0 insize=1391 outsize=990 kw= ok=1
Cmd: compileSnippet
  api=4 type=1 insize=1391 outsize=1038 kw= ok=1
Cmd: preprocess
  insize=1716 outsize=507 ok=1
Cmd: compileSnippet
  api=4 type=0 insize=1473 outsize=990 kw= ok=1
Cmd: compileSnippet
  api=4 type=1 insize=1473 outsize=1168 kw= ok=1
Cmd: preprocess
  insize=1950 outsize=489 ok=1
Cmd: preprocess
  insize=1976 outsize=503 ok=1
Cmd: compileSnippet
  api=4 type=0 insize=1731 outsize=990 kw= ok=1
Cmd: compileSnippet
  api=4 type=1 insize=1731 outsize=1753 kw= ok=1
Cmd: preprocess
  insize=1397 outsize=356 ok=1
Cmd: compileSnippet
  api=4 type=0 insize=1306 outsize=990 kw= ok=1
Cmd: compileSnippet
  api=4 type=1 insize=1306 outsize=754 kw= ok=1
Cmd: preprocess
  insize=1397 outsize=357 ok=1
Cmd: compileSnippet
  api=4 type=0 insize=1306 outsize=990 kw= ok=1
Cmd: compileSnippet
  api=4 type=1 insize=1306 outsize=754 kw= ok=1
Cmd: preprocess
  insize=1397 outsize=359 ok=1
Cmd: compileSnippet
  api=4 type=0 insize=1304 outsize=990 kw= ok=1
Cmd: compileSnippet
  api=4 type=1 insize=1304 outsize=835 kw= ok=1
Cmd: preprocess
  insize=1180 outsize=332 ok=1
Cmd: compileSnippet
  api=4 type=0 insize=1121 outsize=990 kw= ok=1
Cmd: compileSnippet
  api=4 type=1 insize=1121 outsize=583 kw= ok=1
Cmd: preprocess
  insize=2741 outsize=485 ok=1
Cmd: compileSnippet
  error: 2 plat 4 at (43): undeclared identifier 'UnityObjectToWorldNormal'
  api=4 type=0 insize=2504 outsize=0 kw= ok=0
Cmd: preprocess
  insize=1322 outsize=328 ok=1
Cmd: compileSnippet
  api=4 type=0 insize=1264 outsize=941 kw= ok=1
Cmd: compileSnippet
  api=4 type=1 insize=1264 outsize=778 kw= ok=1
Cmd: preprocess
  insize=1050 outsize=335 ok=1
Cmd: compileSnippet
  api=4 type=0 insize=992 outsize=762 kw= ok=1
Cmd: compileSnippet
  api=4 type=1 insize=992 outsize=510 kw= ok=1
Cmd: preprocess
  insize=1388 outsize=354 ok=1
Cmd: preprocess
  insize=1526 outsize=401 ok=1
Cmd: compileSnippet
  api=4 type=0 insize=1391 outsize=990 kw= ok=1
Cmd: compileSnippet
  api=4 type=1 insize=1391 outsize=527 kw= ok=1
Cmd: preprocess
  insize=1585 outsize=409 ok=1
Cmd: compileSnippet
  api=4 type=0 insize=1442 outsize=990 kw= ok=1
Cmd: compileSnippet
  api=4 type=1 insize=1442 outsize=1063 kw= ok=1
Cmd: preprocess
  insize=1692 outsize=302 ok=1
Cmd: preprocess
  insize=1399 outsize=360 ok=1
Cmd: compileSnippet
  api=4 type=0 insize=1305 outsize=990 kw= ok=1
Cmd: compileSnippet
  api=4 type=1 insize=1305 outsize=835 kw= ok=1
Cmd: preprocess
  insize=2742 outsize=489 ok=1
Cmd: compileSnippet
  error: 2 plat 4 at (43): undeclared identifier 'UnityObjectToWorldNormal'
  api=4 type=0 insize=2501 outsize=0 kw= ok=0
Cmd: preprocess
  insize=27271 outsize=4722 ok=1
Cmd: preprocess
  insize=1547 outsize=402 ok=1
Cmd: compileSnippet
  api=4 type=0 insize=1411 outsize=990 kw= ok=1
Cmd: compileSnippet
  api=4 type=1 insize=1411 outsize=1136 kw= ok=1
Cmd: preprocess
  insize=2043 outsize=410 ok=1
Cmd: compileSnippet
  error: 2 plat 4 at (36): undeclared identifier 'UnityObjectToWorldNormal'
  api=4 type=0 insize=1891 outsize=0 kw= ok=0
Cmd: preprocess
  insize=4106 outsize=553 ok=1
Cmd: preprocess
  insize=2274 outsize=1209 ok=1
Cmd: preprocess
  insize=1737 outsize=297 ok=1
Cmd: preprocess
  insize=1026 outsize=351 ok=1
Cmd: preprocess
  insize=1123 outsize=459 ok=1
Cmd: preprocess
  insize=1403 outsize=362 ok=1
Cmd: compileSnippet
  api=4 type=0 insize=1307 outsize=990 kw= ok=1
Cmd: compileSnippet
  api=4 type=1 insize=1307 outsize=795 kw= ok=1
Cmd: preprocess
  insize=738 outsize=267 ok=1
Cmd: preprocess
  insize=2745 outsize=489 ok=1
Cmd: compileSnippet
  error: 2 plat 4 at (43): undeclared identifier 'UnityObjectToWorldNormal'
  api=4 type=0 insize=2505 outsize=0 kw= ok=0
Cmd: preprocess
  insize=1700 outsize=507 ok=1
Cmd: compileSnippet
  api=4 type=0 insize=1457 outsize=990 kw= ok=1
Cmd: compileSnippet
  api=4 type=1 insize=1457 outsize=1103 kw= ok=1
Cmd: preprocess
  insize=1395 outsize=356 ok=1
Cmd: compileSnippet
  api=4 type=0 insize=1305 outsize=990 kw= ok=1
Cmd: compileSnippet
  api=4 type=1 insize=1305 outsize=754 kw= ok=1
Cmd: preprocess
  insize=5837 outsize=874 ok=1
Cmd: preprocess
  error: 1 plat 12 at (21): Unrecognized renderer for #pragma exclude_renderers: metal
  error: 1 plat 12 at (21): Unrecognized renderer for #pragma exclude_renderers: xboxone
  insize=2659 outsize=1771 ok=1
Cmd: compileSnippet
  error: 1 plat 12 at (21): Unrecognized renderer for #pragma exclude_renderers: metal
  error: 1 plat 12 at (21): Unrecognized renderer for #pragma exclude_renderers: xboxone
  api=4 type=0 insize=1224 outsize=762 kw=DIRECTIONAL SHADOWS_OFF LIGHTMAP_OFF DIRLIGHTMAP_OFF ok=1
Cmd: compileSnippet
  error: 1 plat 12 at (21): Unrecognized renderer for #pragma exclude_renderers: metal
  error: 1 plat 12 at (21): Unrecognized renderer for #pragma exclude_renderers: xboxone
  api=4 type=1 insize=1224 outsize=494 kw=DIRECTIONAL SHADOWS_OFF LIGHTMAP_OFF DIRLIGHTMAP_OFF ok=1
Cmd: preprocess
  insize=5846 outsize=800 ok=1
Cmd: preprocess
  insize=586 outsize=360 ok=1
Cmd: preprocess
  insize=2640 outsize=620 ok=1
Cmd: compileSnippet
  api=4 type=0 insize=2260 outsize=990 kw= ok=1
Cmd: compileSnippet
  api=4 type=1 insize=2260 outsize=2330 kw= ok=1
Cmd: preprocess
  insize=1593 outsize=453 ok=1
Cmd: compileSnippet
  api=4 type=0 insize=1406 outsize=990 kw= ok=1
Cmd: compileSnippet
  api=4 type=1 insize=1406 outsize=843 kw= ok=1
Cmd: preprocess
  insize=1997 outsize=481 ok=1
Cmd: compileSnippet
  api=4 type=0 insize=1775 outsize=990 kw= ok=1
Cmd: compileSnippet
  api=4 type=1 insize=1775 outsize=1623 kw= ok=1
Cmd: preprocess
  insize=32646 outsize=272 ok=1
Cmd: preprocess
  insize=1469 outsize=330 ok=1
Cmd: compileSnippet
  error: 2 plat 4 at (34): undeclared identifier 'UnityObjectToWorldNormal'
  api=4 type=0 insize=1401 outsize=0 kw= ok=0
Cmd: preprocess
  insize=1512 outsize=395 ok=1
Cmd: compileSnippet
  api=4 type=0 insize=1383 outsize=990 kw= ok=1
Cmd: compileSnippet
  api=4 type=1 insize=1383 outsize=908 kw= ok=1
Cmd: preprocess
  insize=1545 outsize=412 ok=1
Cmd: compileSnippet
  api=4 type=0 insize=1399 outsize=990 kw= ok=1
Cmd: compileSnippet
  api=4 type=1 insize=1399 outsize=900 kw= ok=1
Cmd: preprocess
  insize=5149 outsize=1741 ok=1
Cmd: preprocess
  error: 1 plat 12 at (28): Unrecognized renderer for #pragma exclude_renderers: metal
  error: 1 plat 12 at (28): Unrecognized renderer for #pragma exclude_renderers: xboxone
  insize=7753 outsize=5775 ok=1
Cmd: compileSnippet
  error: 1 plat 12 at (28): Unrecognized renderer for #pragma exclude_renderers: metal
  error: 1 plat 12 at (28): Unrecognized renderer for #pragma exclude_renderers: xboxone
  api=4 type=0 insize=2314 outsize=1168 kw=DIRECTIONAL SHADOWS_OFF LIGHTMAP_OFF DIRLIGHTMAP_OFF ok=1
Cmd: compileSnippet
  error: 1 plat 12 at (28): Unrecognized renderer for #pragma exclude_renderers: metal
  error: 1 plat 12 at (28): Unrecognized renderer for #pragma exclude_renderers: xboxone
  api=4 type=1 insize=2314 outsize=2436 kw=DIRECTIONAL SHADOWS_OFF LIGHTMAP_OFF DIRLIGHTMAP_OFF ok=1
Cmd: preprocess
  insize=1767 outsize=462 ok=1
Cmd: compileSnippet
  api=4 type=0 insize=1567 outsize=990 kw= ok=1
Cmd: compileSnippet
  api=4 type=1 insize=1567 outsize=1274 kw= ok=1
Cmd: preprocess
  insize=1363 outsize=335 ok=1
Cmd: compileSnippet
  api=4 type=0 insize=1295 outsize=1372 kw= ok=1
Cmd: compileSnippet
  api=4 type=1 insize=1295 outsize=616 kw= ok=1
Cmd: preprocess
  insize=1544 outsize=407 ok=1
Cmd: compileSnippet
  api=4 type=0 insize=1402 outsize=990 kw= ok=1
Cmd: compileSnippet
  api=4 type=1 insize=1402 outsize=900 kw= ok=1
Cmd: preprocess
  insize=6801 outsize=255 ok=1
Cmd: preprocess
  insize=4528 outsize=554 ok=1
Cmd: preprocess
  insize=1417 outsize=366 ok=1
Cmd: compileSnippet
  api=4 type=0 insize=1317 outsize=990 kw= ok=1
Cmd: compileSnippet
  api=4 type=1 insize=1317 outsize=527 kw= ok=1
Cmd: preprocess
  insize=1393 outsize=355 ok=1
Cmd: compileSnippet
  api=4 type=0 insize=1304 outsize=990 kw= ok=1
Cmd: compileSnippet
  api=4 type=1 insize=1304 outsize=754 kw= ok=1
Cmd: preprocess
  insize=1368 outsize=337 ok=1
Cmd: compileSnippet
  api=4 type=0 insize=1301 outsize=1835 kw= ok=1
Cmd: compileSnippet
  api=4 type=1 insize=1301 outsize=665 kw= ok=1
Cmd: preprocess
  insize=1723 outsize=467 ok=1
Cmd: compileSnippet
  api=4 type=0 insize=1557 outsize=990 kw= ok=1
Cmd: compileSnippet
  api=4 type=1 insize=1557 outsize=1518 kw= ok=1
Cmd: preprocess
  insize=1894 outsize=497 ok=1
Cmd: compileSnippet
  api=4 type=0 insize=1657 outsize=990 kw= ok=1
Cmd: compileSnippet
  api=4 type=1 insize=1657 outsize=1461 kw= ok=1
Cmd: preprocess
  insize=4925 outsize=1094 ok=1
Cmd: preprocess
  insize=1513 outsize=391 ok=1
Cmd: compileSnippet
  api=4 type=0 insize=1388 outsize=990 kw= ok=1
Cmd: compileSnippet
  api=4 type=1 insize=1388 outsize=1152 kw= ok=1
Cmd: preprocess
  insize=1505 outsize=359 ok=1
Cmd: compileSnippet
  api=4 type=0 insize=1410 outsize=990 kw= ok=1
Cmd: compileSnippet
  api=4 type=1 insize=1410 outsize=1372 kw= ok=1
Cmd: preprocess
  insize=1541 outsize=403 ok=1
Cmd: compileSnippet
  api=4 type=0 insize=1404 outsize=990 kw= ok=1
Cmd: compileSnippet
  api=4 type=1 insize=1404 outsize=1071 kw= ok=1
Cmd: preprocess
  insize=5752 outsize=1270 ok=1
Cmd: preprocess
  insize=778 outsize=304 ok=1
Cmd: preprocess
  insize=721 outsize=317 ok=1
Cmd: preprocess
  insize=1792 outsize=359 ok=1
Cmd: compileSnippet
  api=4 type=0 insize=1693 outsize=990 kw= ok=1
Cmd: compileSnippet
  api=4 type=1 insize=1693 outsize=2046 kw= ok=1
Cmd: preprocess
  insize=7280 outsize=3066 ok=1
Cmd: compileSnippet
  error: 2 plat 4 at (74): unrecognized identifier 'UNITY_FOG_COORDS'
  api=4 type=0 insize=4552 outsize=0 kw=DIRECTIONAL SHADOWS_OFF LIGHTMAP_OFF DIRLIGHTMAP_OFF ok=0
Cmd: preprocess
  insize=2750 outsize=492 ok=1
Cmd: compileSnippet
  error: 2 plat 4 at (43): undeclared identifier 'UnityObjectToWorldNormal'
  api=4 type=0 insize=2507 outsize=0 kw= ok=0
Cmd: preprocess
  error: 2 plat 12 at (59): Can't find include file UnityPBSLighting.cginc
  error: 2 plat 12 at (60): Can't find include file UnityStandardBRDF.cginc
  error: 2 plat 12 at (382): Can't find include file UnityPBSLighting.cginc
  error: 2 plat 12 at (383): Can't find include file UnityStandardBRDF.cginc
  error: 2 plat 12 at (616): Can't find include file UnityPBSLighting.cginc
  error: 2 plat 12 at (617): Can't find include file UnityStandardBRDF.cginc
  error: 2 plat 12 at (765): Can't find include file UnityPBSLighting.cginc
  error: 2 plat 12 at (766): Can't find include file UnityStandardBRDF.cginc
  error: 2 plat 12 at (767): Can't find include file UnityMetaPass.cginc
  insize=24808 outsize=5181 ok=0
Cmd: preprocess
  insize=1539 outsize=402 ok=1
Cmd: compileSnippet
  api=4 type=0 insize=1403 outsize=990 kw= ok=1
Cmd: compileSnippet
  api=4 type=1 insize=1403 outsize=527 kw= ok=1
Cmd: preprocess
  insize=4076 outsize=685 ok=1
Cmd: preprocess
  error: 1 plat 12 at (24): Unrecognized renderer for #pragma exclude_renderers: metal
  error: 1 plat 12 at (24): Unrecognized renderer for #pragma exclude_renderers: xboxone
  insize=3946 outsize=2307 ok=1
Cmd: compileSnippet
  error: 2 plat 4 at (43): unrecognized identifier 'UNITY_FOG_COORDS'
  api=4 type=0 insize=1975 outsize=0 kw=DIRECTIONAL SHADOWS_OFF LIGHTMAP_OFF DIRLIGHTMAP_OFF ok=0
Cmd: preprocess
  insize=996 outsize=260 ok=1
Cmd: compileSnippet
  api=4 type=0 insize=1036 outsize=990 kw= ok=1
Cmd: compileSnippet
  api=4 type=1 insize=1036 outsize=575 kw= ok=1
Cmd: preprocess
  insize=873 outsize=301 ok=1
Cmd: preprocess
  insize=12325 outsize=5399 ok=1
Cmd: compileSnippet
  api=4 type=0 insize=1110 outsize=925 kw=SHADOWS_DEPTH ok=1
Cmd: compileSnippet
  api=4 type=1 insize=1110 outsize=437 kw=SHADOWS_DEPTH ok=1
Cmd: compileSnippet
  error: 2 plat 4 at (89): undeclared identifier 'UnityObjectToWorldNormal'
  api=4 type=0 insize=3378 outsize=0 kw=DIRECTIONAL SHADOWS_OFF LIGHTMAP_OFF DIRLIGHTMAP_OFF ok=0
Cmd: preprocess
  insize=1523 outsize=394 ok=1
Cmd: compileSnippet
  api=4 type=0 insize=1395 outsize=990 kw= ok=1
Cmd: compileSnippet
  api=4 type=1 insize=1395 outsize=973 kw= ok=1
Cmd: preprocess
  insize=1395 outsize=355 ok=1
Cmd: compileSnippet
  api=4 type=0 insize=1305 outsize=990 kw= ok=1
Cmd: compileSnippet
  api=4 type=1 insize=1305 outsize=754 kw= ok=1
Cmd: preprocess
  insize=1339 outsize=296 ok=1
Cmd: preprocess
  insize=2143 outsize=983 ok=1
Cmd: preprocess
  insize=1653 outsize=438 ok=1
Cmd: compileSnippet
  api=4 type=0 insize=1479 outsize=990 kw= ok=1
Cmd: compileSnippet
  api=4 type=1 insize=1479 outsize=1477 kw= ok=1
Cmd: preprocess
  insize=1691 outsize=328 ok=1
Cmd: compileSnippet
  error: 2 plat 4 at (34): undeclared identifier 'UnityObjectToWorldNormal'
  api=4 type=0 insize=1626 outsize=0 kw= ok=0
Cmd: preprocess
  insize=1548 outsize=411 ok=1
Cmd: compileSnippet
  api=4 type=0 insize=1403 outsize=990 kw= ok=1
Cmd: compileSnippet
  api=4 type=1 insize=1403 outsize=982 kw= ok=1
Cmd: preprocess
  insize=1543 outsize=407 ok=1
Cmd: compileSnippet
  api=4 type=0 insize=1402 outsize=990 kw= ok=1
Cmd: compileSnippet
  api=4 type=1 insize=1402 outsize=900 kw= ok=1
Cmd: preprocess
  insize=1381 outsize=334 ok=1
Cmd: compileSnippet
  api=4 type=0 insize=1311 outsize=762 kw= ok=1
Cmd: compileSnippet
  api=4 type=1 insize=1311 outsize=453 kw= ok=1
Cmd: preprocess
  insize=2055 outsize=488 ok=1
Cmd: compileSnippet
  api=4 type=0 insize=1824 outsize=990 kw= ok=1
Cmd: compileSnippet
  api=4 type=1 insize=1824 outsize=1461 kw= ok=1
Cmd: preprocess
  insize=5961 outsize=794 ok=1
Cmd: preprocess
  insize=1080 outsize=489 ok=1
Cmd: preprocess
  insize=1213 outsize=389 ok=1
Cmd: preprocess
  insize=1640 outsize=426 ok=1
Cmd: compileSnippet
  api=4 type=0 insize=1477 outsize=990 kw= ok=1
Cmd: compileSnippet
  api=4 type=1 insize=1477 outsize=1087 kw= ok=1
Cmd: preprocess
  insize=1509 outsize=392 ok=1
Cmd: compileSnippet
  api=4 type=0 insize=1383 outsize=990 kw= ok=1
Cmd: compileSnippet
  api=4 type=1 insize=1383 outsize=900 kw= ok=1
Cmd: preprocess
  insize=574 outsize=259 ok=1
Cmd: preprocess
  insize=1397 outsize=356 ok=1
Cmd: compileSnippet
  api=4 type=0 insize=1307 outsize=990 kw= ok=1
Cmd: compileSnippet
  api=4 type=1 insize=1307 outsize=868 kw= ok=1
Cmd: preprocess
  insize=1742 outsize=488 ok=1
Cmd: compileSnippet
  api=4 type=0 insize=1518 outsize=990 kw= ok=1
Cmd: compileSnippet
  api=4 type=1 insize=1518 outsize=990 kw= ok=1
Cmd: preprocess
  insize=724 outsize=315 ok=1
Cmd: preprocess
  insize=1555 outsize=410 ok=1
Cmd: compileSnippet
  api=4 type=0 insize=1411 outsize=990 kw= ok=1
Cmd: compileSnippet
  api=4 type=1 insize=1411 outsize=1079 kw= ok=1
Cmd: preprocess
  insize=1727 outsize=682 ok=1
Cmd: preprocess
  insize=1327 outsize=326 ok=1
Cmd: compileSnippet
  api=4 type=0 insize=1272 outsize=1331 kw= ok=1
Cmd: compileSnippet
  api=4 type=1 insize=1272 outsize=665 kw= ok=1
Cmd: preprocess
  insize=1804 outsize=491 ok=1
Cmd: compileSnippet
  api=4 type=0 insize=1576 outsize=990 kw= ok=1
Cmd: compileSnippet
  api=4 type=1 insize=1576 outsize=965 kw= ok=1
Cmd: preprocess
  insize=1514 outsize=396 ok=1
Cmd: compileSnippet
  api=4 type=0 insize=1383 outsize=990 kw= ok=1
Cmd: compileSnippet
  api=4 type=1 insize=1383 outsize=900 kw= ok=1
Cmd: preprocess
  insize=1312 outsize=341 ok=1
Cmd: compileSnippet
  api=4 type=0 insize=1243 outsize=1591 kw= ok=1
Cmd: compileSnippet
  api=4 type=1 insize=1243 outsize=665 kw= ok=1
